[debug] [2022-01-13T12:34:56.276Z] ----------------------------------------------------------------------
[debug] [2022-01-13T12:34:56.280Z] Command:       C:\Program Files\nodejs\node.exe C:\Users\Admin\AppData\Roaming\npm\node_modules\firebase-tools\lib\bin\firebase.js init
[debug] [2022-01-13T12:34:56.281Z] CLI Version:   9.23.0
[debug] [2022-01-13T12:34:56.282Z] Platform:      win32
[debug] [2022-01-13T12:34:56.282Z] Node Version:  v14.15.4
[debug] [2022-01-13T12:34:56.284Z] Time:          Thu Jan 13 2022 18:04:56 GMT+0530 (India Standard Time)
[debug] [2022-01-13T12:34:56.284Z] ----------------------------------------------------------------------
[debug] 
[debug] [2022-01-13T12:34:56.288Z] >>> [apiv2][query] GET https://firebase-public.firebaseio.com/cli.json [none]
[debug] [2022-01-13T12:34:56.335Z] > command requires scopes: ["email","openid","https://www.googleapis.com/auth/cloudplatformprojects.readonly","https://www.googleapis.com/auth/firebase","https://www.googleapis.com/auth/cloud-platform"]
[debug] [2022-01-13T12:34:56.335Z] > authorizing via signed-in user (virtualettin586@gmail.com)
[info] 
     ######## #### ########  ######## ########     ###     ######  ########
     ##        ##  ##     ## ##       ##     ##  ##   ##  ##       ##
     ######    ##  ########  ######   ########  #########  ######  ######
     ##        ##  ##    ##  ##       ##     ## ##     ##       ## ##
     ##       #### ##     ## ######## ########  ##     ##  ######  ########

You're about to initialize a Firebase project in this directory:

  G:\Projects\ReactJs\Realtime Pizza\Frontend

[debug] [2022-01-13T12:34:57.150Z] <<< [apiv2][status] GET https://firebase-public.firebaseio.com/cli.json 200
[debug] [2022-01-13T12:34:57.151Z] <<< [apiv2][body] GET https://firebase-public.firebaseio.com/cli.json {"cloudBuildErrorAfter":1594252800000,"cloudBuildWarnAfter":1590019200000,"defaultNode10After":1594252800000,"minVersion":"3.0.5","node8DeploysDisabledAfter":1613390400000,"node8RuntimeDisabledAfter":1615809600000,"node8WarnAfter":1600128000000}
